# JRE version: OpenJDK Runtime Environment (8.0_242-b01) (build 1.8.0_242-release-1644-b01)
# Java VM: OpenJDK 64-Bit Server VM (25.242-b01 mixed mode windows-amd64 compressed oops)
Heap:
 PSYoungGen      total 584704K, used 541467K [0x00000000d5580000, 0x0000000100000000, 0x0000000100000000)
  eden space 473600K, 100% used [0x00000000d5580000,0x00000000f2400000,0x00000000f2400000)
  from space 111104K, 61% used [0x00000000f9380000,0x00000000fd5c6c30,0x0000000100000000)
  to   space 112640K, 99% used [0x00000000f2400000,0x00000000f91fd2f8,0x00000000f9200000)
 ParOldGen       total 406016K, used 107315K [0x0000000080000000, 0x0000000098c80000, 0x00000000d5580000)
  object space 406016K, 26% used [0x0000000080000000,0x00000000868cce08,0x0000000098c80000)
 Metaspace       used 172112K, capacity 181674K, committed 183976K, reserved 1210368K
  class space    used 21237K, capacity 23035K, committed 23720K, reserved 1048576K
GC Heap History (10 events):
Event: 7949.934 GC heap after
Heap after GC invocations=23 (full 4):
 PSYoungGen      total 523264K, used 39011K [0x00000000d5580000, 0x00000000fe300000, 0x0000000100000000)
  eden space 483840K, 0% used [0x00000000d5580000,0x00000000d5580000,0x00000000f2e00000)
  from space 39424K, 98% used [0x00000000f3f00000,0x00000000f6518d58,0x00000000f6580000)
  to   space 92672K, 0% used [0x00000000f8880000,0x00000000f8880000,0x00000000fe300000)
 ParOldGen       total 296960K, used 138498K [0x0000000080000000, 0x0000000092200000, 0x00000000d5580000)
  object space 296960K, 46% used [0x0000000080000000,0x0000000088740af0,0x0000000092200000)
 Metaspace       used 152596K, capacity 164242K, committed 164336K, reserved 1191936K
  class space    used 19429K, capacity 21620K, committed 21672K, reserved 1048576K
}
Event: 7949.934 GC heap before
{Heap before GC invocations=24 (full 5):
 PSYoungGen      total 523264K, used 39011K [0x00000000d5580000, 0x00000000fe300000, 0x0000000100000000)
  eden space 483840K, 0% used [0x00000000d5580000,0x00000000d5580000,0x00000000f2e00000)
  from space 39424K, 98% used [0x00000000f3f00000,0x00000000f6518d58,0x00000000f6580000)
  to   space 92672K, 0% used [0x00000000f8880000,0x00000000f8880000,0x00000000fe300000)
 ParOldGen       total 296960K, used 138498K [0x0000000080000000, 0x0000000092200000, 0x00000000d5580000)
  object space 296960K, 46% used [0x0000000080000000,0x0000000088740af0,0x0000000092200000)
 Metaspace       used 152596K, capacity 164242K, committed 164336K, reserved 1191936K
  class space    used 19429K, capacity 21620K, committed 21672K, reserved 1048576K
Event: 7950.199 GC heap after
Heap after GC invocations=24 (full 5):
 PSYoungGen      total 523264K, used 0K [0x00000000d5580000, 0x00000000fe300000, 0x0000000100000000)
  eden space 483840K, 0% used [0x00000000d5580000,0x00000000d5580000,0x00000000f2e00000)
  from space 39424K, 0% used [0x00000000f3f00000,0x00000000f3f00000,0x00000000f6580000)
  to   space 92672K, 0% used [0x00000000f8880000,0x00000000f8880000,0x00000000fe300000)
 ParOldGen       total 406016K, used 83842K [0x0000000080000000, 0x0000000098c80000, 0x00000000d5580000)
  object space 406016K, 20% used [0x0000000080000000,0x00000000851e0950,0x0000000098c80000)
 Metaspace       used 145828K, capacity 154198K, committed 164336K, reserved 1191936K
  class space    used 18252K, capacity 19829K, committed 21672K, reserved 1048576K
}
Event: 8052.673 GC heap before
{Heap before GC invocations=25 (full 5):
 PSYoungGen      total 523264K, used 483840K [0x00000000d5580000, 0x00000000fe300000, 0x0000000100000000)
  eden space 483840K, 100% used [0x00000000d5580000,0x00000000f2e00000,0x00000000f2e00000)
  from space 39424K, 0% used [0x00000000f3f00000,0x00000000f3f00000,0x00000000f6580000)
  to   space 92672K, 0% used [0x00000000f8880000,0x00000000f8880000,0x00000000fe300000)
 ParOldGen       total 406016K, used 83842K [0x0000000080000000, 0x0000000098c80000, 0x00000000d5580000)
  object space 406016K, 20% used [0x0000000080000000,0x00000000851e0950,0x0000000098c80000)
 Metaspace       used 158134K, capacity 166772K, committed 170408K, reserved 1198080K
  class space    used 19661K, capacity 21312K, committed 22184K, reserved 1048576K
Event: 8052.735 GC heap after
Heap after GC invocations=25 (full 5):
 PSYoungGen      total 557056K, used 92643K [0x00000000d5580000, 0x0000000100000000, 0x0000000100000000)
  eden space 464384K, 0% used [0x00000000d5580000,0x00000000d5580000,0x00000000f1b00000)
  from space 92672K, 99% used [0x00000000f8880000,0x00000000fe2f8e98,0x00000000fe300000)
  to   space 112128K, 0% used [0x00000000f1b00000,0x00000000f1b00000,0x00000000f8880000)
 ParOldGen       total 406016K, used 96559K [0x0000000080000000, 0x0000000098c80000, 0x00000000d5580000)
  object space 406016K, 23% used [0x0000000080000000,0x0000000085e4bcf0,0x0000000098c80000)
 Metaspace       used 158134K, capacity 166772K, committed 170408K, reserved 1198080K
  class space    used 19661K, capacity 21312K, committed 22184K, reserved 1048576K
}
Event: 8136.900 GC heap before
{Heap before GC invocations=26 (full 5):
 PSYoungGen      total 557056K, used 557027K [0x00000000d5580000, 0x0000000100000000, 0x0000000100000000)
  eden space 464384K, 100% used [0x00000000d5580000,0x00000000f1b00000,0x00000000f1b00000)
  from space 92672K, 99% used [0x00000000f8880000,0x00000000fe2f8e98,0x00000000fe300000)
  to   space 112128K, 0% used [0x00000000f1b00000,0x00000000f1b00000,0x00000000f8880000)
 ParOldGen       total 406016K, used 96559K [0x0000000080000000, 0x0000000098c80000, 0x00000000d5580000)
  object space 406016K, 23% used [0x0000000080000000,0x0000000085e4bcf0,0x0000000098c80000)
 Metaspace       used 158653K, capacity 167964K, committed 170664K, reserved 1198080K
  class space    used 19747K, capacity 21468K, committed 22184K, reserved 1048576K
Event: 8136.952 GC heap after
Heap after GC invocations=26 (full 5):
 PSYoungGen      total 576512K, used 61469K [0x00000000d5580000, 0x0000000100000000, 0x0000000100000000)
  eden space 464384K, 0% used [0x00000000d5580000,0x00000000d5580000,0x00000000f1b00000)
  from space 112128K, 54% used [0x00000000f1b00000,0x00000000f5707610,0x00000000f8880000)
  to   space 111104K, 0% used [0x00000000f9380000,0x00000000f9380000,0x0000000100000000)
 ParOldGen       total 406016K, used 96567K [0x0000000080000000, 0x0000000098c80000, 0x00000000d5580000)
  object space 406016K, 23% used [0x0000000080000000,0x0000000085e4dcf0,0x0000000098c80000)
 Metaspace       used 158653K, capacity 167964K, committed 170664K, reserved 1198080K
  class space    used 19747K, capacity 21468K, committed 22184K, reserved 1048576K
}
Event: 8210.919 GC heap before
{Heap before GC invocations=27 (full 5):
 PSYoungGen      total 576512K, used 525853K [0x00000000d5580000, 0x0000000100000000, 0x0000000100000000)
  eden space 464384K, 100% used [0x00000000d5580000,0x00000000f1b00000,0x00000000f1b00000)
  from space 112128K, 54% used [0x00000000f1b00000,0x00000000f5707610,0x00000000f8880000)
  to   space 111104K, 0% used [0x00000000f9380000,0x00000000f9380000,0x0000000100000000)
 ParOldGen       total 406016K, used 96567K [0x0000000080000000, 0x0000000098c80000, 0x00000000d5580000)
  object space 406016K, 23% used [0x0000000080000000,0x0000000085e4dcf0,0x0000000098c80000)
 Metaspace       used 165382K, capacity 174980K, committed 177576K, reserved 1204224K
  class space    used 20501K, capacity 22268K, committed 22952K, reserved 1048576K
Event: 8210.965 GC heap after
Heap after GC invocations=27 (full 5):
 PSYoungGen      total 584704K, used 67867K [0x00000000d5580000, 0x0000000100000000, 0x0000000100000000)
  eden space 473600K, 0% used [0x00000000d5580000,0x00000000d5580000,0x00000000f2400000)
  from space 111104K, 61% used [0x00000000f9380000,0x00000000fd5c6c30,0x0000000100000000)
  to   space 112640K, 0% used [0x00000000f2400000,0x00000000f2400000,0x00000000f9200000)
 ParOldGen       total 406016K, used 96575K [0x0000000080000000, 0x0000000098c80000, 0x00000000d5580000)
  object space 406016K, 23% used [0x0000000080000000,0x0000000085e4fcf0,0x0000000098c80000)
 Metaspace       used 165382K, capacity 174980K, committed 177576K, reserved 1204224K
  class space    used 20501K, capacity 22268K, committed 22952K, reserved 1048576K
}
Event: 8261.421 GC heap before
{Heap before GC invocations=28 (full 5):
 PSYoungGen      total 584704K, used 541467K [0x00000000d5580000, 0x0000000100000000, 0x0000000100000000)
  eden space 473600K, 100% used [0x00000000d5580000,0x00000000f2400000,0x00000000f2400000)
  from space 111104K, 61% used [0x00000000f9380000,0x00000000fd5c6c30,0x0000000100000000)
  to   space 112640K, 0% used [0x00000000f2400000,0x00000000f2400000,0x00000000f9200000)
 ParOldGen       total 406016K, used 96575K [0x0000000080000000, 0x0000000098c80000, 0x00000000d5580000)
  object space 406016K, 23% used [0x0000000080000000,0x0000000085e4fcf0,0x0000000098c80000)
 Metaspace       used 172112K, capacity 181674K, committed 183976K, reserved 1210368K
  class space    used 21237K, capacity 23035K, committed 23720K, reserved 1048576K

